Mono path[0] = '/home/jacket/.local/share/Steam/steamapps/common/Helltaker/helltaker_lnx_Data/Managed'
Mono config path = '/home/jacket/.local/share/Steam/steamapps/common/Helltaker/helltaker_lnx_Data/MonoBleedingEdge/etc'
Preloaded 'libsteam_api.so'
Preloaded 'ScreenSelector.so'
Display 0 '0': 1366x768 (primary device).
Unable to load player prefs
Desktop is 1366 x 768 @ 60 Hz
Initialize engine version: 2019.2.9f1 (ebce4d76e6e8)
[XR] Discovering subsystems at path /home/jacket/.local/share/Steam/steamapps/common/Helltaker/helltaker_lnx_Data/UnitySubsystems
GfxDevice: creating device client; threaded=1
Renderer: AMD STONEY (DRM 3.42.0, 5.15.41_1, LLVM 12.0.1)
Vendor:   AMD
Version:  4.5 (Core Profile) Mesa 21.3.7
GLES:     0
 GL_AMD_conservative_depth GL_AMD_depth_clamp_separate GL_AMD_draw_buffers_blend GL_AMD_framebuffer_multisample_advanced GL_AMD_gpu_shader_int64 GL_AMD_multi_draw_indirect GL_AMD_performance_monitor GL_AMD_pinned_memory GL_AMD_query_buffer_object GL_AMD_seamless_cubemap_per_texture GL_AMD_shader_stencil_export GL_AMD_shader_trinary_minmax GL_AMD_texture_texture4 GL_AMD_vertex_shader_layer GL_AMD_vertex_shader_viewport_index GL_ANGLE_texture_compression_dxt3 GL_ANGLE_texture_compression_dxt5 GL_ARB_ES2_compatibility GL_ARB_ES3_1_compatibility GL_ARB_ES3_2_compatibility GL_ARB_ES3_compatibility GL_ARB_arrays_of_arrays GL_ARB_base_instance GL_ARB_bindless_texture GL_ARB_blend_func_extended GL_ARB_buffer_storage GL_ARB_clear_buffer_object GL_ARB_clear_texture GL_ARB_clip_control GL_ARB_color_buffer_float GL_ARB_compressed_texture_pixel_storage GL_ARB_compute_shader GL_ARB_compute_variable_group_size GL_ARB_conditional_render_inverted GL_ARB_conservative_depth GL_ARB_copy_buffer GL_ARB_copy_image GL_ARB_cull_dist
ance GL_ARB_debug_output GL_ARB_depth_buffer_float GL_ARB_depth_clamp GL_ARB_derivative_control GL_ARB_direct_state_access GL_ARB_draw_buffers GL_ARB_draw_buffers_blend GL_ARB_draw_elements_base_vertex GL_ARB_draw_indirect GL_ARB_draw_instanced GL_ARB_enhanced_layouts GL_ARB_explicit_attrib_location GL_ARB_explicit_uniform_location GL_ARB_fragment_coord_conventions GL_ARB_fragment_layer_viewport GL_ARB_fragment_shader GL_ARB_framebuffer_no_attachments GL_ARB_framebuffer_object GL_ARB_framebuffer_sRGB GL_ARB_get_program_binary GL_ARB_get_texture_sub_image GL_ARB_gl_spirv GL_ARB_gpu_shader5 GL_ARB_gpu_shader_fp64 GL_ARB_gpu_shader_int64 GL_ARB_half_float_pixel GL_ARB_half_float_vertex GL_ARB_instanced_arrays GL_ARB_internalformat_query GL_ARB_internalformat_query2 GL_ARB_invalidate_subdata GL_ARB_map_buffer_alignment GL_ARB_map_buffer_range GL_ARB_multi_bind GL_ARB_multi_draw_indirect GL_ARB_occlusion_query2 GL_ARB_parallel_shader_compile GL_ARB_pipeline_statistics_query GL_ARB_pixel_buffer_object GL_ARB_point
_sprite GL_ARB_polygon_offset_clamp GL_ARB_program_interface_query GL_ARB_provoking_vertex GL_ARB_query_buffer_object GL_ARB_robust_buffer_access_behavior GL_ARB_robustness GL_ARB_sample_shading GL_ARB_sampler_objects GL_ARB_seamless_cube_map GL_ARB_seamless_cubemap_per_texture GL_ARB_separate_shader_objects GL_ARB_shader_atomic_counter_ops GL_ARB_shader_atomic_counters GL_ARB_shader_ballot GL_ARB_shader_bit_encoding GL_ARB_shader_clock GL_ARB_shader_group_vote GL_ARB_shader_image_load_store GL_ARB_shader_image_size GL_ARB_shader_objects GL_ARB_shader_precision GL_ARB_shader_stencil_export GL_ARB_shader_storage_buffer_object GL_ARB_shader_subroutine GL_ARB_shader_texture_image_samples GL_ARB_shader_texture_lod GL_ARB_shader_viewport_layer_array GL_ARB_shading_language_420pack GL_ARB_shading_language_include GL_ARB_shading_language_packing GL_ARB_spirv_extensions GL_ARB_stencil_texturing GL_ARB_sync GL_ARB_tessellation_shader GL_ARB_texture_barrier GL_ARB_texture_buffer_object GL_ARB_texture_buffer_object_rgb
32 GL_ARB_texture_buffer_range GL_ARB_texture_compression_bptc GL_ARB_texture_compression_rgtc GL_ARB_texture_cube_map_array GL_ARB_texture_filter_anisotropic GL_ARB_texture_float GL_ARB_texture_gather GL_ARB_texture_mirror_clamp_to_edge GL_ARB_texture_multisample GL_ARB_texture_non_power_of_two GL_ARB_texture_query_levels GL_ARB_texture_query_lod GL_ARB_texture_rectangle GL_ARB_texture_rg GL_ARB_texture_rgb10_a2ui GL_ARB_texture_stencil8 GL_ARB_texture_storage GL_ARB_texture_storage_multisample GL_ARB_texture_swizzle GL_ARB_texture_view GL_ARB_timer_query GL_ARB_transform_feedback2 GL_ARB_transform_feedback3 GL_ARB_transform_feedback_instanced GL_ARB_transform_feedback_overflow_query GL_ARB_uniform_buffer_object GL_ARB_vertex_array_bgra GL_ARB_vertex_array_object GL_ARB_vertex_attrib_64bit GL_ARB_vertex_attrib_binding GL_ARB_vertex_buffer_object GL_ARB_vertex_shader GL_ARB_vertex_type_10f_11f_11f_rev GL_ARB_vertex_type_2_10_10_10_rev GL_ARB_viewport_array GL_ATI_blend_equation_separate GL_ATI_meminfo GL_ATI
_texture_float GL_ATI_texture_mirror_once GL_EXT_EGL_image_storage GL_EXT_EGL_sync GL_EXT_abgr GL_EXT_blend_equation_separate GL_EXT_demote_to_helper_invocation GL_EXT_depth_bounds_test GL_EXT_draw_buffers2 GL_EXT_draw_instanced GL_EXT_framebuffer_blit GL_EXT_framebuffer_multisample GL_EXT_framebuffer_multisample_blit_scaled GL_EXT_framebuffer_object GL_EXT_framebuffer_sRGB GL_EXT_memory_object GL_EXT_memory_object_fd GL_EXT_packed_depth_stencil GL_EXT_packed_float GL_EXT_pixel_buffer_object GL_EXT_polygon_offset_clamp GL_EXT_provoking_vertex GL_EXT_semaphore GL_EXT_semaphore_fd GL_EXT_shader_image_load_formatted GL_EXT_shader_image_load_store GL_EXT_shader_integer_mix GL_EXT_shader_samples_identical GL_EXT_texture_array GL_EXT_texture_compression_dxt1 GL_EXT_texture_compression_rgtc GL_EXT_texture_compression_s3tc GL_EXT_texture_filter_anisotropic GL_EXT_texture_integer GL_EXT_texture_mirror_clamp GL_EXT_texture_sRGB GL_EXT_texture_sRGB_R8 GL_EXT_texture_sRGB_decode GL_EXT_texture_shadow_lod GL_EXT_texture_
shared_exponent GL_EXT_texture_snorm GL_EXT_texture_swizzle GL_EXT_timer_query GL_EXT_transform_feedback GL_EXT_vertex_array_bgra GL_EXT_vertex_attrib_64bit GL_EXT_window_rectangles GL_IBM_multimode_draw_arrays GL_INTEL_blackhole_render GL_KHR_blend_equation_advanced GL_KHR_context_flush_control GL_KHR_debug GL_KHR_no_error GL_KHR_parallel_shader_compile GL_KHR_robust_buffer_access_behavior GL_KHR_robustness GL_KHR_texture_compression_astc_ldr GL_KHR_texture_compression_astc_sliced_3d GL_MESA_framebuffer_flip_y GL_MESA_pack_invert GL_MESA_shader_integer_functions GL_MESA_texture_signed_rgba GL_NVX_gpu_memory_info GL_NV_alpha_to_coverage_dither_control GL_NV_compute_shader_derivatives GL_NV_conditional_render GL_NV_copy_image GL_NV_depth_clamp GL_NV_packed_depth_stencil GL_NV_shader_atomic_int64 GL_NV_texture_barrier GL_NV_vdpau_interop GL_OES_EGL_image GL_S3_s3tc
OPENGL LOG: Creating OpenGL 4.5 graphics device ; Context level  <OpenGL 4.5> ; Context handle 48235008
Begin MonoManager ReloadAssembly
- Completed reload, in  0.886 seconds
Default vsync count 1
requesting resize 1366 x 768
Using native desktop resolution 1366 x 768
requesting fullscreen 1366 x 768 at 0 Hz
Desktop is 1366 x 768 @ 60 Hz
UnloadTime: 1.107108 ms
MUSIC0.7066667SFX1
 
(Filename: ./Runtime/Export/Debug/Debug.bindings.h Line: 35)

MUSIC0.7066667SFX1
 
(Filename: ./Runtime/Export/Debug/Debug.bindings.h Line: 35)

requesting resize 1366 x 768
Using native desktop resolution 1366 x 768
requesting fullscreen 1366 x 768 at 0 Hz
Desktop is 1366 x 768 @ 60 Hz
Unloading 7 Unused Serialized files (Serialized files now loaded: 0)
UnloadTime: 17.449157 ms
MUSIC0.7066667SFX1
 
(Filename: ./Runtime/Export/Debug/Debug.bindings.h Line: 35)

MUSIC0.7066667SFX1
 
(Filename: ./Runtime/Export/Debug/Debug.bindings.h Line: 35)


Unloading 31 unused Assets to reduce memory usage. Loaded Objects now: 1730.
Total: 2.230781 ms (FindLiveObjects: 0.606609 ms CreateObjectMapping: 0.117322 ms MarkObjects: 1.250493 ms  DeleteObjects: 0.255042 ms)

Unloading 6 Unused Serialized files (Serialized files now loaded: 0)
UnloadTime: 1.993680 ms
MUSIC0.7066667SFX1
 
(Filename: ./Runtime/Export/Debug/Debug.bindings.h Line: 35)

MUSIC0.7066667SFX1
 
(Filename: ./Runtime/Export/Debug/Debug.bindings.h Line: 35)


Unloading 39 unused Assets to reduce memory usage. Loaded Objects now: 2556.
Total: 7.431511 ms (FindLiveObjects: 0.645679 ms CreateObjectMapping: 0.121274 ms MarkObjects: 2.809970 ms  DeleteObjects: 3.853243 ms)

Unloading 6 Unused Serialized files (Serialized files now loaded: 0)
UnloadTime: 2.112742 ms
MUSIC0.7066667SFX1
 
(Filename: ./Runtime/Export/Debug/Debug.bindings.h Line: 35)

MUSIC0.7066667SFX1
 
(Filename: ./Runtime/Export/Debug/Debug.bindings.h Line: 35)


Unloading 1 unused Assets to reduce memory usage. Loaded Objects now: 2556.
Total: 2.451750 ms (FindLiveObjects: 1.116869 ms CreateObjectMapping: 0.110676 ms MarkObjects: 1.205617 ms  DeleteObjects: 0.017184 ms)

Unloading 6 Unused Serialized files (Serialized files now loaded: 0)
UnloadTime: 3.314998 ms
MUSIC0.7066667SFX1
 
(Filename: ./Runtime/Export/Debug/Debug.bindings.h Line: 35)

MUSIC0.7066667SFX1
 
(Filename: ./Runtime/Export/Debug/Debug.bindings.h Line: 35)


Unloading 1 unused Assets to reduce memory usage. Loaded Objects now: 2556.
Total: 2.219569 ms (FindLiveObjects: 0.711588 ms CreateObjectMapping: 0.133593 ms MarkObjects: 1.356788 ms  DeleteObjects: 0.016386 ms)

Unloading 6 Unused Serialized files (Serialized files now loaded: 0)
UnloadTime: 2.211971 ms
MUSIC0.7066667SFX1
 
(Filename: ./Runtime/Export/Debug/Debug.bindings.h Line: 35)

MUSIC0.7066667SFX1
 
(Filename: ./Runtime/Export/Debug/Debug.bindings.h Line: 35)


Unloading 1 unused Assets to reduce memory usage. Loaded Objects now: 2556.
Total: 3.079044 ms (FindLiveObjects: 0.778380 ms CreateObjectMapping: 0.124423 ms MarkObjects: 2.148603 ms  DeleteObjects: 0.026097 ms)

Unloading 6 Unused Serialized files (Serialized files now loaded: 0)
UnloadTime: 2.574615 ms
MUSIC0.7066667SFX1
 
(Filename: ./Runtime/Export/Debug/Debug.bindings.h Line: 35)

MUSIC0.7066667SFX1
 
(Filename: ./Runtime/Export/Debug/Debug.bindings.h Line: 35)


Unloading 1 unused Assets to reduce memory usage. Loaded Objects now: 2556.
Total: 2.383152 ms (FindLiveObjects: 0.713952 ms CreateObjectMapping: 0.105537 ms MarkObjects: 1.543236 ms  DeleteObjects: 0.019136 ms)

Unloading 6 Unused Serialized files (Serialized files now loaded: 0)
UnloadTime: 2.429433 ms
MUSIC0.7066667SFX1
 
(Filename: ./Runtime/Export/Debug/Debug.bindings.h Line: 35)

MUSIC0.7066667SFX1
 
(Filename: ./Runtime/Export/Debug/Debug.bindings.h Line: 35)


Unloading 1 unused Assets to reduce memory usage. Loaded Objects now: 2556.
Total: 2.233875 ms (FindLiveObjects: 0.671578 ms CreateObjectMapping: 0.117446 ms MarkObjects: 1.426264 ms  DeleteObjects: 0.017021 ms)

Unloading 6 Unused Serialized files (Serialized files now loaded: 0)
UnloadTime: 3.128872 ms
MUSIC0.7066667SFX1
 
(Filename: ./Runtime/Export/Debug/Debug.bindings.h Line: 35)

MUSIC0.7066667SFX1
 
(Filename: ./Runtime/Export/Debug/Debug.bindings.h Line: 35)


Unloading 1 unused Assets to reduce memory usage. Loaded Objects now: 2556.
Total: 4.720270 ms (FindLiveObjects: 1.606647 ms CreateObjectMapping: 0.149110 ms MarkObjects: 2.941216 ms  DeleteObjects: 0.021743 ms)

Unloading 6 Unused Serialized files (Serialized files now loaded: 0)
UnloadTime: 2.842795 ms
MUSIC0.7066667SFX1
 
(Filename: ./Runtime/Export/Debug/Debug.bindings.h Line: 35)

MUSIC0.7066667SFX1
 
(Filename: ./Runtime/Export/Debug/Debug.bindings.h Line: 35)


Unloading 1 unused Assets to reduce memory usage. Loaded Objects now: 2556.
Total: 2.683591 ms (FindLiveObjects: 0.908599 ms CreateObjectMapping: 0.130029 ms MarkObjects: 1.626452 ms  DeleteObjects: 0.017374 ms)

Unloading 6 Unused Serialized files (Serialized files now loaded: 0)
UnloadTime: 2.399646 ms
MUSIC0.7066667SFX1
 
(Filename: ./Runtime/Export/Debug/Debug.bindings.h Line: 35)

MUSIC0.7066667SFX1
 
(Filename: ./Runtime/Export/Debug/Debug.bindings.h Line: 35)


Unloading 1 unused Assets to reduce memory usage. Loaded Objects now: 2556.
Total: 2.269444 ms (FindLiveObjects: 0.729898 ms CreateObjectMapping: 0.226115 ms MarkObjects: 1.295540 ms  DeleteObjects: 0.016734 ms)

Unloading 6 Unused Serialized files (Serialized files now loaded: 0)
UnloadTime: 2.477999 ms
MUSIC0.7066667SFX1
 
(Filename: ./Runtime/Export/Debug/Debug.bindings.h Line: 35)

MUSIC0.7066667SFX1
 
(Filename: ./Runtime/Export/Debug/Debug.bindings.h Line: 35)


Unloading 1 unused Assets to reduce memory usage. Loaded Objects now: 2556.
Total: 2.587383 ms (FindLiveObjects: 0.658499 ms CreateObjectMapping: 0.168997 ms MarkObjects: 1.737575 ms  DeleteObjects: 0.020934 ms)

Unloading 6 Unused Serialized files (Serialized files now loaded: 0)
UnloadTime: 4.022480 ms
MUSIC0.7066667SFX1
 
(Filename: ./Runtime/Export/Debug/Debug.bindings.h Line: 35)

MUSIC0.7066667SFX1
 
(Filename: ./Runtime/Export/Debug/Debug.bindings.h Line: 35)


Unloading 1 unused Assets to reduce memory usage. Loaded Objects now: 2556.
Total: 2.103742 ms (FindLiveObjects: 0.826952 ms CreateObjectMapping: 0.109929 ms MarkObjects: 1.138637 ms  DeleteObjects: 0.026390 ms)

Unloading 6 Unused Serialized files (Serialized files now loaded: 0)
UnloadTime: 3.316972 ms
MUSIC0.7066667SFX1
 
(Filename: ./Runtime/Export/Debug/Debug.bindings.h Line: 35)

MUSIC0.7066667SFX1
 
(Filename: ./Runtime/Export/Debug/Debug.bindings.h Line: 35)


Unloading 1 unused Assets to reduce memory usage. Loaded Objects now: 2556.
Total: 2.351859 ms (FindLiveObjects: 0.702261 ms CreateObjectMapping: 0.100653 ms MarkObjects: 1.527638 ms  DeleteObjects: 0.019962 ms)

MUSIC1SFX1
 
(Filename: ./Runtime/Export/Debug/Debug.bindings.h Line: 35)

Unloading 7 Unused Serialized files (Serialized files now loaded: 0)
UnloadTime: 3.212433 ms
MUSIC1SFX1
 
(Filename: ./Runtime/Export/Debug/Debug.bindings.h Line: 35)

MUSIC1SFX1
 
(Filename: ./Runtime/Export/Debug/Debug.bindings.h Line: 35)


Unloading 19 unused Assets to reduce memory usage. Loaded Objects now: 2814.
Total: 3.241943 ms (FindLiveObjects: 1.121126 ms CreateObjectMapping: 0.162647 ms MarkObjects: 1.722449 ms  DeleteObjects: 0.234463 ms)

Unloading 8 Unused Serialized files (Serialized files now loaded: 0)
UnloadTime: 5.519578 ms
MUSIC1SFX1
 
(Filename: ./Runtime/Export/Debug/Debug.bindings.h Line: 35)

MUSIC1SFX1
 
(Filename: ./Runtime/Export/Debug/Debug.bindings.h Line: 35)


Unloading 25 unused Assets to reduce memory usage. Loaded Objects now: 2735.
Total: 2.222495 ms (FindLiveObjects: 0.660814 ms CreateObjectMapping: 0.165393 ms MarkObjects: 1.266934 ms  DeleteObjects: 0.128089 ms)

Unloading 9 Unused Serialized files (Serialized files now loaded: 0)
UnloadTime: 5.899179 ms
MUSIC1SFX1
 
(Filename: ./Runtime/Export/Debug/Debug.bindings.h Line: 35)

MUSIC1SFX1
 
(Filename: ./Runtime/Export/Debug/Debug.bindings.h Line: 35)


Unloading 31 unused Assets to reduce memory usage. Loaded Objects now: 2952.
Total: 2.587018 ms (FindLiveObjects: 0.914812 ms CreateObjectMapping: 0.123861 ms MarkObjects: 1.384611 ms  DeleteObjects: 0.162675 ms)

Unloading 9 Unused Serialized files (Serialized files now loaded: 0)
UnloadTime: 4.709888 ms
MUSIC1SFX1
 
(Filename: ./Runtime/Export/Debug/Debug.bindings.h Line: 35)

MUSIC1SFX1
 
(Filename: ./Runtime/Export/Debug/Debug.bindings.h Line: 35)


Unloading 1 unused Assets to reduce memory usage. Loaded Objects now: 2952.
Total: 2.245548 ms (FindLiveObjects: 0.643823 ms CreateObjectMapping: 0.103037 ms MarkObjects: 1.479335 ms  DeleteObjects: 0.018058 ms)

Unloading 9 Unused Serialized files (Serialized files now loaded: 0)
UnloadTime: 5.810962 ms
MUSIC1SFX1
 
(Filename: ./Runtime/Export/Debug/Debug.bindings.h Line: 35)

MUSIC1SFX1
 
(Filename: ./Runtime/Export/Debug/Debug.bindings.h Line: 35)


Unloading 1 unused Assets to reduce memory usage. Loaded Objects now: 2952.
Total: 4.418823 ms (FindLiveObjects: 0.889321 ms CreateObjectMapping: 0.170811 ms MarkObjects: 3.330120 ms  DeleteObjects: 0.027083 ms)

Unloading 9 Unused Serialized files (Serialized files now loaded: 0)
UnloadTime: 3.702490 ms
MUSIC1SFX1
 
(Filename: ./Runtime/Export/Debug/Debug.bindings.h Line: 35)

MUSIC1SFX1
 
(Filename: ./Runtime/Export/Debug/Debug.bindings.h Line: 35)


Unloading 1 unused Assets to reduce memory usage. Loaded Objects now: 2952.
Total: 2.683659 ms (FindLiveObjects: 0.789879 ms CreateObjectMapping: 0.138984 ms MarkObjects: 1.732412 ms  DeleteObjects: 0.021147 ms)

Unloading 9 Unused Serialized files (Serialized files now loaded: 0)
UnloadTime: 3.706944 ms
MUSIC1SFX1
 
(Filename: ./Runtime/Export/Debug/Debug.bindings.h Line: 35)

MUSIC1SFX1
 
(Filename: ./Runtime/Export/Debug/Debug.bindings.h Line: 35)


Unloading 1 unused Assets to reduce memory usage. Loaded Objects now: 2952.
Total: 2.472876 ms (FindLiveObjects: 0.786493 ms CreateObjectMapping: 0.161366 ms MarkObjects: 1.505510 ms  DeleteObjects: 0.018018 ms)

Unloading 9 Unused Serialized files (Serialized files now loaded: 0)
UnloadTime: 4.654587 ms
MUSIC1SFX1
 
(Filename: ./Runtime/Export/Debug/Debug.bindings.h Line: 35)

MUSIC1SFX1
 
(Filename: ./Runtime/Export/Debug/Debug.bindings.h Line: 35)


Unloading 1 unused Assets to reduce memory usage. Loaded Objects now: 2952.
Total: 2.498302 ms (FindLiveObjects: 0.690121 ms CreateObjectMapping: 0.106181 ms MarkObjects: 1.658877 ms  DeleteObjects: 0.042005 ms)

Unloading 9 Unused Serialized files (Serialized files now loaded: 0)
UnloadTime: 4.780529 ms
MUSIC1SFX1
 
(Filename: ./Runtime/Export/Debug/Debug.bindings.h Line: 35)

MUSIC1SFX1
 
(Filename: ./Runtime/Export/Debug/Debug.bindings.h Line: 35)


Unloading 1 unused Assets to reduce memory usage. Loaded Objects now: 2952.
Total: 2.382634 ms (FindLiveObjects: 0.981807 ms CreateObjectMapping: 0.198979 ms MarkObjects: 1.183472 ms  DeleteObjects: 0.017200 ms)

Unloading 9 Unused Serialized files (Serialized files now loaded: 0)
UnloadTime: 4.673551 ms
MUSIC1SFX1
 
(Filename: ./Runtime/Export/Debug/Debug.bindings.h Line: 35)

MUSIC1SFX1
 
(Filename: ./Runtime/Export/Debug/Debug.bindings.h Line: 35)


Unloading 1 unused Assets to reduce memory usage. Loaded Objects now: 2952.
Total: 2.130553 ms (FindLiveObjects: 0.867176 ms CreateObjectMapping: 0.122093 ms MarkObjects: 1.124562 ms  DeleteObjects: 0.015219 ms)

Unloading 9 Unused Serialized files (Serialized files now loaded: 0)
UnloadTime: 3.238991 ms
MUSIC1SFX1
 
(Filename: ./Runtime/Export/Debug/Debug.bindings.h Line: 35)

MUSIC1SFX1
 
(Filename: ./Runtime/Export/Debug/Debug.bindings.h Line: 35)


Unloading 1 unused Assets to reduce memory usage. Loaded Objects now: 2952.
Total: 3.262977 ms (FindLiveObjects: 0.804430 ms CreateObjectMapping: 0.140051 ms MarkObjects: 2.295556 ms  DeleteObjects: 0.021402 ms)

Unloading 9 Unused Serialized files (Serialized files now loaded: 0)
UnloadTime: 4.765392 ms
MUSIC1SFX1
 
(Filename: ./Runtime/Export/Debug/Debug.bindings.h Line: 35)

MUSIC1SFX1
 
(Filename: ./Runtime/Export/Debug/Debug.bindings.h Line: 35)


Unloading 1 unused Assets to reduce memory usage. Loaded Objects now: 2952.
Total: 2.025707 ms (FindLiveObjects: 0.764731 ms CreateObjectMapping: 0.124921 ms MarkObjects: 1.119301 ms  DeleteObjects: 0.015673 ms)

Unloading 9 Unused Serialized files (Serialized files now loaded: 0)
UnloadTime: 3.844037 ms
MUSIC1SFX1
 
(Filename: ./Runtime/Export/Debug/Debug.bindings.h Line: 35)

MUSIC1SFX1
 
(Filename: ./Runtime/Export/Debug/Debug.bindings.h Line: 35)


Unloading 1 unused Assets to reduce memory usage. Loaded Objects now: 2952.
Total: 3.087577 ms (FindLiveObjects: 0.997455 ms CreateObjectMapping: 0.152194 ms MarkObjects: 1.916402 ms  DeleteObjects: 0.020079 ms)

Unloading 9 Unused Serialized files (Serialized files now loaded: 0)
UnloadTime: 3.071737 ms
MUSIC1SFX1
 
(Filename: ./Runtime/Export/Debug/Debug.bindings.h Line: 35)

MUSIC1SFX1
 
(Filename: ./Runtime/Export/Debug/Debug.bindings.h Line: 35)


Unloading 1 unused Assets to reduce memory usage. Loaded Objects now: 2952.
Total: 3.692775 ms (FindLiveObjects: 0.901048 ms CreateObjectMapping: 0.188631 ms MarkObjects: 2.575796 ms  DeleteObjects: 0.025907 ms)

Unloading 9 Unused Serialized files (Serialized files now loaded: 0)
UnloadTime: 4.383710 ms
MUSIC1SFX1
 
(Filename: ./Runtime/Export/Debug/Debug.bindings.h Line: 35)

MUSIC1SFX1
 
(Filename: ./Runtime/Export/Debug/Debug.bindings.h Line: 35)


Unloading 1 unused Assets to reduce memory usage. Loaded Objects now: 2952.
Total: 3.423159 ms (FindLiveObjects: 1.022370 ms CreateObjectMapping: 0.128615 ms MarkObjects: 2.226095 ms  DeleteObjects: 0.044765 ms)

Unloading 9 Unused Serialized files (Serialized files now loaded: 0)
UnloadTime: 4.118499 ms
MUSIC1SFX1
 
(Filename: ./Runtime/Export/Debug/Debug.bindings.h Line: 35)

MUSIC1SFX1
 
(Filename: ./Runtime/Export/Debug/Debug.bindings.h Line: 35)


Unloading 1 unused Assets to reduce memory usage. Loaded Objects now: 2952.
Total: 4.551140 ms (FindLiveObjects: 3.183974 ms CreateObjectMapping: 0.118638 ms MarkObjects: 1.229747 ms  DeleteObjects: 0.017418 ms)

Unloading 9 Unused Serialized files (Serialized files now loaded: 0)
UnloadTime: 3.564459 ms
MUSIC1SFX1
 
(Filename: ./Runtime/Export/Debug/Debug.bindings.h Line: 35)

MUSIC1SFX1
 
(Filename: ./Runtime/Export/Debug/Debug.bindings.h Line: 35)


Unloading 1 unused Assets to reduce memory usage. Loaded Objects now: 2952.
Total: 2.406004 ms (FindLiveObjects: 0.740632 ms CreateObjectMapping: 0.114506 ms MarkObjects: 1.531809 ms  DeleteObjects: 0.017807 ms)

Unloading 9 Unused Serialized files (Serialized files now loaded: 0)
UnloadTime: 3.442794 ms
MUSIC1SFX1
 
(Filename: ./Runtime/Export/Debug/Debug.bindings.h Line: 35)

MUSIC1SFX1
 
(Filename: ./Runtime/Export/Debug/Debug.bindings.h Line: 35)


Unloading 1 unused Assets to reduce memory usage. Loaded Objects now: 2952.
Total: 3.454891 ms (FindLiveObjects: 1.371793 ms CreateObjectMapping: 0.159668 ms MarkObjects: 1.898233 ms  DeleteObjects: 0.023716 ms)

Unloading 9 Unused Serialized files (Serialized files now loaded: 0)
UnloadTime: 4.501441 ms
MUSIC1SFX1
 
(Filename: ./Runtime/Export/Debug/Debug.bindings.h Line: 35)

MUSIC1SFX1
 
(Filename: ./Runtime/Export/Debug/Debug.bindings.h Line: 35)


Unloading 15 unused Assets to reduce memory usage. Loaded Objects now: 2757.
Total: 2.249815 ms (FindLiveObjects: 0.690182 ms CreateObjectMapping: 0.116802 ms MarkObjects: 1.330719 ms  DeleteObjects: 0.110989 ms)

Unloading 9 Unused Serialized files (Serialized files now loaded: 0)
UnloadTime: 2.820592 ms
MUSIC1SFX1
 
(Filename: ./Runtime/Export/Debug/Debug.bindings.h Line: 35)

MUSIC1SFX1
 
(Filename: ./Runtime/Export/Debug/Debug.bindings.h Line: 35)


Unloading 1 unused Assets to reduce memory usage. Loaded Objects now: 2757.
Total: 4.888743 ms (FindLiveObjects: 0.795078 ms CreateObjectMapping: 0.146426 ms MarkObjects: 3.921121 ms  DeleteObjects: 0.024688 ms)

Unloading 9 Unused Serialized files (Serialized files now loaded: 0)
UnloadTime: 4.087756 ms
MUSIC1SFX1
 
(Filename: ./Runtime/Export/Debug/Debug.bindings.h Line: 35)

MUSIC1SFX1
 
(Filename: ./Runtime/Export/Debug/Debug.bindings.h Line: 35)


Unloading 1 unused Assets to reduce memory usage. Loaded Objects now: 2757.
Total: 2.565305 ms (FindLiveObjects: 0.802400 ms CreateObjectMapping: 0.137310 ms MarkObjects: 1.604578 ms  DeleteObjects: 0.019499 ms)

Unloading 9 Unused Serialized files (Serialized files now loaded: 0)
UnloadTime: 4.014400 ms
MUSIC1SFX1
 
(Filename: ./Runtime/Export/Debug/Debug.bindings.h Line: 35)

MUSIC1SFX1
 
(Filename: ./Runtime/Export/Debug/Debug.bindings.h Line: 35)


Unloading 1 unused Assets to reduce memory usage. Loaded Objects now: 2757.
Total: 2.968967 ms (FindLiveObjects: 1.237643 ms CreateObjectMapping: 0.113153 ms MarkObjects: 1.598960 ms  DeleteObjects: 0.017880 ms)

Unloading 9 Unused Serialized files (Serialized files now loaded: 0)
UnloadTime: 4.872888 ms
MUSIC1SFX1
 
(Filename: ./Runtime/Export/Debug/Debug.bindings.h Line: 35)

MUSIC1SFX1
 
(Filename: ./Runtime/Export/Debug/Debug.bindings.h Line: 35)


Unloading 1 unused Assets to reduce memory usage. Loaded Objects now: 2757.
Total: 2.354189 ms (FindLiveObjects: 0.755751 ms CreateObjectMapping: 0.237291 ms MarkObjects: 1.343074 ms  DeleteObjects: 0.016968 ms)

Unloading 10 Unused Serialized files (Serialized files now loaded: 0)
UnloadTime: 2.802612 ms
MUSIC1SFX1
 
(Filename: ./Runtime/Export/Debug/Debug.bindings.h Line: 35)

MUSIC1SFX1
 
(Filename: ./Runtime/Export/Debug/Debug.bindings.h Line: 35)


Unloading 22 unused Assets to reduce memory usage. Loaded Objects now: 3409.
Total: 3.155754 ms (FindLiveObjects: 0.760124 ms CreateObjectMapping: 0.137445 ms MarkObjects: 2.055727 ms  DeleteObjects: 0.200901 ms)

Unloading 10 Unused Serialized files (Serialized files now loaded: 0)
UnloadTime: 4.493495 ms
MUSIC1SFX1
 
(Filename: ./Runtime/Export/Debug/Debug.bindings.h Line: 35)

MUSIC1SFX1
 
(Filename: ./Runtime/Export/Debug/Debug.bindings.h Line: 35)


Unloading 1 unused Assets to reduce memory usage. Loaded Objects now: 3409.
Total: 2.831215 ms (FindLiveObjects: 0.806658 ms CreateObjectMapping: 0.140331 ms MarkObjects: 1.835460 ms  DeleteObjects: 0.047291 ms)

Unloading 10 Unused Serialized files (Serialized files now loaded: 0)
UnloadTime: 4.558854 ms
MUSIC1SFX1
 
(Filename: ./Runtime/Export/Debug/Debug.bindings.h Line: 35)

MUSIC1SFX1
 
(Filename: ./Runtime/Export/Debug/Debug.bindings.h Line: 35)


Unloading 1 unused Assets to reduce memory usage. Loaded Objects now: 3409.
Total: 4.010855 ms (FindLiveObjects: 0.820454 ms CreateObjectMapping: 0.160329 ms MarkObjects: 3.006335 ms  DeleteObjects: 0.022614 ms)

Unloading 10 Unused Serialized files (Serialized files now loaded: 0)
UnloadTime: 5.578435 ms
MUSIC1SFX1
 
(Filename: ./Runtime/Export/Debug/Debug.bindings.h Line: 35)

MUSIC1SFX1
 
(Filename: ./Runtime/Export/Debug/Debug.bindings.h Line: 35)


Unloading 1 unused Assets to reduce memory usage. Loaded Objects now: 3409.
Total: 2.456535 ms (FindLiveObjects: 0.905730 ms CreateObjectMapping: 0.130562 ms MarkObjects: 1.399635 ms  DeleteObjects: 0.019325 ms)

Unloading 10 Unused Serialized files (Serialized files now loaded: 0)
UnloadTime: 6.162204 ms
MUSIC1SFX1
 
(Filename: ./Runtime/Export/Debug/Debug.bindings.h Line: 35)

MUSIC1SFX1
 
(Filename: ./Runtime/Export/Debug/Debug.bindings.h Line: 35)


Unloading 1 unused Assets to reduce memory usage. Loaded Objects now: 3409.
Total: 3.809750 ms (FindLiveObjects: 0.810221 ms CreateObjectMapping: 0.170455 ms MarkObjects: 2.796594 ms  DeleteObjects: 0.030677 ms)

Unloading 10 Unused Serialized files (Serialized files now loaded: 0)
UnloadTime: 5.319763 ms
MUSIC1SFX1
 
(Filename: ./Runtime/Export/Debug/Debug.bindings.h Line: 35)

MUSIC1SFX1
 
(Filename: ./Runtime/Export/Debug/Debug.bindings.h Line: 35)


Unloading 1 unused Assets to reduce memory usage. Loaded Objects now: 3409.
Total: 3.177225 ms (FindLiveObjects: 0.756857 ms CreateObjectMapping: 0.138842 ms MarkObjects: 2.246692 ms  DeleteObjects: 0.033774 ms)

Unloading 10 Unused Serialized files (Serialized files now loaded: 0)
UnloadTime: 5.559895 ms
MUSIC1SFX1
 
(Filename: ./Runtime/Export/Debug/Debug.bindings.h Line: 35)

MUSIC1SFX1
 
(Filename: ./Runtime/Export/Debug/Debug.bindings.h Line: 35)


Unloading 1 unused Assets to reduce memory usage. Loaded Objects now: 3409.
Total: 2.756581 ms (FindLiveObjects: 1.133531 ms CreateObjectMapping: 0.171865 ms MarkObjects: 1.432088 ms  DeleteObjects: 0.017857 ms)

Unloading 10 Unused Serialized files (Serialized files now loaded: 0)
UnloadTime: 5.377987 ms
MUSIC1SFX1
 
(Filename: ./Runtime/Export/Debug/Debug.bindings.h Line: 35)

MUSIC1SFX1
 
(Filename: ./Runtime/Export/Debug/Debug.bindings.h Line: 35)


Unloading 1 unused Assets to reduce memory usage. Loaded Objects now: 3409.
Total: 2.759280 ms (FindLiveObjects: 0.696186 ms CreateObjectMapping: 0.115107 ms MarkObjects: 1.923426 ms  DeleteObjects: 0.023305 ms)

Unloading 10 Unused Serialized files (Serialized files now loaded: 0)
UnloadTime: 5.076413 ms
MUSIC1SFX1
 
(Filename: ./Runtime/Export/Debug/Debug.bindings.h Line: 35)

MUSIC1SFX1
 
(Filename: ./Runtime/Export/Debug/Debug.bindings.h Line: 35)


Unloading 1 unused Assets to reduce memory usage. Loaded Objects now: 3409.
Total: 2.742449 ms (FindLiveObjects: 1.006119 ms CreateObjectMapping: 0.136927 ms MarkObjects: 1.574345 ms  DeleteObjects: 0.023893 ms)

Unloading 10 Unused Serialized files (Serialized files now loaded: 0)
UnloadTime: 5.637301 ms
MUSIC1SFX1
 
(Filename: ./Runtime/Export/Debug/Debug.bindings.h Line: 35)

MUSIC1SFX1
 
(Filename: ./Runtime/Export/Debug/Debug.bindings.h Line: 35)


Unloading 1 unused Assets to reduce memory usage. Loaded Objects now: 3409.
Total: 6.726121 ms (FindLiveObjects: 1.817653 ms CreateObjectMapping: 0.136221 ms MarkObjects: 4.736547 ms  DeleteObjects: 0.034194 ms)

Unloading 10 Unused Serialized files (Serialized files now loaded: 0)
UnloadTime: 5.093129 ms
MUSIC1SFX1
 
(Filename: ./Runtime/Export/Debug/Debug.bindings.h Line: 35)

MUSIC1SFX1
 
(Filename: ./Runtime/Export/Debug/Debug.bindings.h Line: 35)


Unloading 1 unused Assets to reduce memory usage. Loaded Objects now: 3409.
Total: 2.526485 ms (FindLiveObjects: 0.991312 ms CreateObjectMapping: 0.140562 ms MarkObjects: 1.374400 ms  DeleteObjects: 0.018792 ms)

Unloading 10 Unused Serialized files (Serialized files now loaded: 0)
UnloadTime: 7.052910 ms
MUSIC1SFX1
 
(Filename: ./Runtime/Export/Debug/Debug.bindings.h Line: 35)

MUSIC1SFX1
 
(Filename: ./Runtime/Export/Debug/Debug.bindings.h Line: 35)


Unloading 1 unused Assets to reduce memory usage. Loaded Objects now: 3409.
Total: 4.244375 ms (FindLiveObjects: 0.813922 ms CreateObjectMapping: 0.129926 ms MarkObjects: 3.276556 ms  DeleteObjects: 0.022869 ms)

Unloading 10 Unused Serialized files (Serialized files now loaded: 0)
UnloadTime: 4.300694 ms
MUSIC1SFX1
 
(Filename: ./Runtime/Export/Debug/Debug.bindings.h Line: 35)

MUSIC1SFX1
 
(Filename: ./Runtime/Export/Debug/Debug.bindings.h Line: 35)


Unloading 1 unused Assets to reduce memory usage. Loaded Objects now: 3409.
Total: 2.298032 ms (FindLiveObjects: 0.691640 ms CreateObjectMapping: 0.126392 ms MarkObjects: 1.462358 ms  DeleteObjects: 0.016413 ms)

Unloading 10 Unused Serialized files (Serialized files now loaded: 0)
UnloadTime: 5.455616 ms
MUSIC1SFX1
 
(Filename: ./Runtime/Export/Debug/Debug.bindings.h Line: 35)

MUSIC1SFX1
 
(Filename: ./Runtime/Export/Debug/Debug.bindings.h Line: 35)


Unloading 1 unused Assets to reduce memory usage. Loaded Objects now: 3409.
Total: 2.277323 ms (FindLiveObjects: 0.788148 ms CreateObjectMapping: 0.113821 ms MarkObjects: 1.357846 ms  DeleteObjects: 0.015946 ms)

Unloading 10 Unused Serialized files (Serialized files now loaded: 0)
UnloadTime: 4.563394 ms
MUSIC1SFX1
 
(Filename: ./Runtime/Export/Debug/Debug.bindings.h Line: 35)

MUSIC1SFX1
 
(Filename: ./Runtime/Export/Debug/Debug.bindings.h Line: 35)


Unloading 1 unused Assets to reduce memory usage. Loaded Objects now: 3409.
Total: 5.177296 ms (FindLiveObjects: 3.337853 ms CreateObjectMapping: 0.182459 ms MarkObjects: 1.636628 ms  DeleteObjects: 0.019066 ms)

Unloading 10 Unused Serialized files (Serialized files now loaded: 0)
UnloadTime: 4.723373 ms
MUSIC1SFX1
 
(Filename: ./Runtime/Export/Debug/Debug.bindings.h Line: 35)

MUSIC1SFX1
 
(Filename: ./Runtime/Export/Debug/Debug.bindings.h Line: 35)


Unloading 1 unused Assets to reduce memory usage. Loaded Objects now: 3409.
Total: 2.226386 ms (FindLiveObjects: 0.747637 ms CreateObjectMapping: 0.119640 ms MarkObjects: 1.342221 ms  DeleteObjects: 0.015579 ms)

Unloading 10 Unused Serialized files (Serialized files now loaded: 0)
UnloadTime: 5.941622 ms
MUSIC1SFX1
 
(Filename: ./Runtime/Export/Debug/Debug.bindings.h Line: 35)

MUSIC1SFX1
 
(Filename: ./Runtime/Export/Debug/Debug.bindings.h Line: 35)


Unloading 1 unused Assets to reduce memory usage. Loaded Objects now: 3409.
Total: 3.737887 ms (FindLiveObjects: 0.857208 ms CreateObjectMapping: 0.145414 ms MarkObjects: 2.701425 ms  DeleteObjects: 0.032630 ms)

Unloading 10 Unused Serialized files (Serialized files now loaded: 0)
UnloadTime: 4.556844 ms
MUSIC1SFX1
 
(Filename: ./Runtime/Export/Debug/Debug.bindings.h Line: 35)

MUSIC1SFX1
 
(Filename: ./Runtime/Export/Debug/Debug.bindings.h Line: 35)


Unloading 1 unused Assets to reduce memory usage. Loaded Objects now: 3409.
Total: 3.886919 ms (FindLiveObjects: 1.091834 ms CreateObjectMapping: 0.172296 ms MarkObjects: 2.584978 ms  DeleteObjects: 0.036279 ms)

Unloading 10 Unused Serialized files (Serialized files now loaded: 0)
UnloadTime: 4.838428 ms
MUSIC1SFX1
 
(Filename: ./Runtime/Export/Debug/Debug.bindings.h Line: 35)

MUSIC1SFX1
 
(Filename: ./Runtime/Export/Debug/Debug.bindings.h Line: 35)


Unloading 1 unused Assets to reduce memory usage. Loaded Objects now: 3409.
Total: 2.209091 ms (FindLiveObjects: 0.793185 ms CreateObjectMapping: 0.113304 ms MarkObjects: 1.284772 ms  DeleteObjects: 0.016376 ms)

Unloading 10 Unused Serialized files (Serialized files now loaded: 0)
UnloadTime: 5.392222 ms
MUSIC1SFX1
 
(Filename: ./Runtime/Export/Debug/Debug.bindings.h Line: 35)

MUSIC1SFX1
 
(Filename: ./Runtime/Export/Debug/Debug.bindings.h Line: 35)


Unloading 1 unused Assets to reduce memory usage. Loaded Objects now: 3409.
Total: 2.732192 ms (FindLiveObjects: 0.834345 ms CreateObjectMapping: 0.151052 ms MarkObjects: 1.723610 ms  DeleteObjects: 0.021801 ms)

Unloading 10 Unused Serialized files (Serialized files now loaded: 0)
UnloadTime: 8.352234 ms
MUSIC1SFX1
 
(Filename: ./Runtime/Export/Debug/Debug.bindings.h Line: 35)

MUSIC1SFX1
 
(Filename: ./Runtime/Export/Debug/Debug.bindings.h Line: 35)


Unloading 1 unused Assets to reduce memory usage. Loaded Objects now: 3409.
Total: 2.362213 ms (FindLiveObjects: 1.000263 ms CreateObjectMapping: 0.114681 ms MarkObjects: 1.230341 ms  DeleteObjects: 0.015419 ms)

Unloading 10 Unused Serialized files (Serialized files now loaded: 0)
UnloadTime: 7.205510 ms
MUSIC1SFX1
 
(Filename: ./Runtime/Export/Debug/Debug.bindings.h Line: 35)

MUSIC1SFX1
 
(Filename: ./Runtime/Export/Debug/Debug.bindings.h Line: 35)


Unloading 1 unused Assets to reduce memory usage. Loaded Objects now: 3409.
Total: 2.470344 ms (FindLiveObjects: 0.994319 ms CreateObjectMapping: 0.119300 ms MarkObjects: 1.338914 ms  DeleteObjects: 0.016450 ms)

Unloading 10 Unused Serialized files (Serialized files now loaded: 0)
UnloadTime: 4.419739 ms
MUSIC1SFX1
 
(Filename: ./Runtime/Export/Debug/Debug.bindings.h Line: 35)

MUSIC1SFX1
 
(Filename: ./Runtime/Export/Debug/Debug.bindings.h Line: 35)


Unloading 1 unused Assets to reduce memory usage. Loaded Objects now: 3409.
Total: 2.631145 ms (FindLiveObjects: 0.857165 ms CreateObjectMapping: 0.159302 ms MarkObjects: 1.595397 ms  DeleteObjects: 0.017902 ms)

Unloading 10 Unused Serialized files (Serialized files now loaded: 0)
UnloadTime: 5.941180 ms
MUSIC1SFX1
 
(Filename: ./Runtime/Export/Debug/Debug.bindings.h Line: 35)

MUSIC1SFX1
 
(Filename: ./Runtime/Export/Debug/Debug.bindings.h Line: 35)


Unloading 1 unused Assets to reduce memory usage. Loaded Objects now: 3409.
Total: 2.522029 ms (FindLiveObjects: 1.019050 ms CreateObjectMapping: 0.121027 ms MarkObjects: 1.363592 ms  DeleteObjects: 0.016898 ms)

Unloading 10 Unused Serialized files (Serialized files now loaded: 0)
UnloadTime: 4.469948 ms
MUSIC1SFX1
 
(Filename: ./Runtime/Export/Debug/Debug.bindings.h Line: 35)

MUSIC1SFX1
 
(Filename: ./Runtime/Export/Debug/Debug.bindings.h Line: 35)


Unloading 1 unused Assets to reduce memory usage. Loaded Objects now: 3409.
Total: 4.090067 ms (FindLiveObjects: 0.798076 ms CreateObjectMapping: 0.139434 ms MarkObjects: 3.132770 ms  DeleteObjects: 0.018600 ms)

Unloading 10 Unused Serialized files (Serialized files now loaded: 0)
UnloadTime: 7.991679 ms
MUSIC1SFX1
 
(Filename: ./Runtime/Export/Debug/Debug.bindings.h Line: 35)

MUSIC1SFX1
 
(Filename: ./Runtime/Export/Debug/Debug.bindings.h Line: 35)


Unloading 1 unused Assets to reduce memory usage. Loaded Objects now: 3409.
Total: 2.354736 ms (FindLiveObjects: 0.709585 ms CreateObjectMapping: 0.109895 ms MarkObjects: 1.512055 ms  DeleteObjects: 0.022163 ms)

Unloading 10 Unused Serialized files (Serialized files now loaded: 0)
UnloadTime: 4.297298 ms
MUSIC1SFX1
 
(Filename: ./Runtime/Export/Debug/Debug.bindings.h Line: 35)

MUSIC1SFX1
 
(Filename: ./Runtime/Export/Debug/Debug.bindings.h Line: 35)


Unloading 1 unused Assets to reduce memory usage. Loaded Objects now: 3409.
Total: 2.223952 ms (FindLiveObjects: 0.791129 ms CreateObjectMapping: 0.114634 ms MarkObjects: 1.301391 ms  DeleteObjects: 0.015367 ms)

Unloading 10 Unused Serialized files (Serialized files now loaded: 0)
UnloadTime: 6.060361 ms
MUSIC1SFX1
 
(Filename: ./Runtime/Export/Debug/Debug.bindings.h Line: 35)

MUSIC1SFX1
 
(Filename: ./Runtime/Export/Debug/Debug.bindings.h Line: 35)


Unloading 1 unused Assets to reduce memory usage. Loaded Objects now: 3409.
Total: 2.684534 ms (FindLiveObjects: 1.022545 ms CreateObjectMapping: 0.156743 ms MarkObjects: 1.483380 ms  DeleteObjects: 0.020341 ms)

Unloading 10 Unused Serialized files (Serialized files now loaded: 0)
UnloadTime: 5.068247 ms
MUSIC1SFX1
 
(Filename: ./Runtime/Export/Debug/Debug.bindings.h Line: 35)

MUSIC1SFX1
 
(Filename: ./Runtime/Export/Debug/Debug.bindings.h Line: 35)


Unloading 1 unused Assets to reduce memory usage. Loaded Objects now: 3409.
Total: 2.825898 ms (FindLiveObjects: 0.969102 ms CreateObjectMapping: 0.176681 ms MarkObjects: 1.659651 ms  DeleteObjects: 0.018313 ms)

Unloading 10 Unused Serialized files (Serialized files now loaded: 0)
UnloadTime: 6.245972 ms
MUSIC1SFX1
 
(Filename: ./Runtime/Export/Debug/Debug.bindings.h Line: 35)

MUSIC1SFX1
 
(Filename: ./Runtime/Export/Debug/Debug.bindings.h Line: 35)


Unloading 1 unused Assets to reduce memory usage. Loaded Objects now: 3409.
Total: 3.558266 ms (FindLiveObjects: 0.994458 ms CreateObjectMapping: 0.141304 ms MarkObjects: 2.394578 ms  DeleteObjects: 0.026217 ms)

Unloading 10 Unused Serialized files (Serialized files now loaded: 0)
UnloadTime: 6.120063 ms
MUSIC1SFX1
 
(Filename: ./Runtime/Export/Debug/Debug.bindings.h Line: 35)

MUSIC1SFX1
 
(Filename: ./Runtime/Export/Debug/Debug.bindings.h Line: 35)


Unloading 1 unused Assets to reduce memory usage. Loaded Objects now: 3409.
Total: 2.176372 ms (FindLiveObjects: 0.755191 ms CreateObjectMapping: 0.144423 ms MarkObjects: 1.257749 ms  DeleteObjects: 0.017669 ms)

Unloading 10 Unused Serialized files (Serialized files now loaded: 0)
UnloadTime: 4.745448 ms
MUSIC1SFX1
 
(Filename: ./Runtime/Export/Debug/Debug.bindings.h Line: 35)

MUSIC1SFX1
 
(Filename: ./Runtime/Export/Debug/Debug.bindings.h Line: 35)


Unloading 78 unused Assets to reduce memory usage. Loaded Objects now: 5071.
Total: 4.879392 ms (FindLiveObjects: 0.944175 ms CreateObjectMapping: 0.238195 ms MarkObjects: 2.781226 ms  DeleteObjects: 0.914533 ms)

Unloading 10 Unused Serialized files (Serialized files now loaded: 0)
UnloadTime: 10.058318 ms
MUSIC1SFX1
 
(Filename: ./Runtime/Export/Debug/Debug.bindings.h Line: 35)

MUSIC1SFX1
 
(Filename: ./Runtime/Export/Debug/Debug.bindings.h Line: 35)


Unloading 2 unused Assets to reduce memory usage. Loaded Objects now: 5070.
Total: 3.924126 ms (FindLiveObjects: 0.957793 ms CreateObjectMapping: 0.241124 ms MarkObjects: 2.535464 ms  DeleteObjects: 0.188104 ms)

Unloading 10 Unused Serialized files (Serialized files now loaded: 0)
UnloadTime: 10.723867 ms
MUSIC1SFX1
 
(Filename: ./Runtime/Export/Debug/Debug.bindings.h Line: 35)

MUSIC1SFX1
 
(Filename: ./Runtime/Export/Debug/Debug.bindings.h Line: 35)


Unloading 1 unused Assets to reduce memory usage. Loaded Objects now: 5070.
Total: 4.231123 ms (FindLiveObjects: 1.012430 ms CreateObjectMapping: 0.216763 ms MarkObjects: 2.965593 ms  DeleteObjects: 0.034805 ms)

Unloading 10 Unused Serialized files (Serialized files now loaded: 0)
UnloadTime: 7.860600 ms
MUSIC1SFX1
 
(Filename: ./Runtime/Export/Debug/Debug.bindings.h Line: 35)

MUSIC1SFX1
 
(Filename: ./Runtime/Export/Debug/Debug.bindings.h Line: 35)


Unloading 1 unused Assets to reduce memory usage. Loaded Objects now: 5070.
Total: 3.713619 ms (FindLiveObjects: 0.954816 ms CreateObjectMapping: 0.167734 ms MarkObjects: 2.566750 ms  DeleteObjects: 0.023128 ms)

Unloading 10 Unused Serialized files (Serialized files now loaded: 0)
UnloadTime: 10.211520 ms
MUSIC1SFX1
 
(Filename: ./Runtime/Export/Debug/Debug.bindings.h Line: 35)

MUSIC1SFX1
 
(Filename: ./Runtime/Export/Debug/Debug.bindings.h Line: 35)


Unloading 1 unused Assets to reduce memory usage. Loaded Objects now: 5070.
Total: 3.251687 ms (FindLiveObjects: 1.116812 ms CreateObjectMapping: 0.169662 ms MarkObjects: 1.942509 ms  DeleteObjects: 0.021381 ms)

Unloading 10 Unused Serialized files (Serialized files now loaded: 0)
UnloadTime: 9.221023 ms
MUSIC1SFX1
 
(Filename: ./Runtime/Export/Debug/Debug.bindings.h Line: 35)

MUSIC1SFX1
 
(Filename: ./Runtime/Export/Debug/Debug.bindings.h Line: 35)


Unloading 1 unused Assets to reduce memory usage. Loaded Objects now: 5070.
Total: 3.631201 ms (FindLiveObjects: 0.847597 ms CreateObjectMapping: 0.165242 ms MarkObjects: 2.591103 ms  DeleteObjects: 0.026092 ms)

Unloading 10 Unused Serialized files (Serialized files now loaded: 0)
UnloadTime: 7.542076 ms
MUSIC1SFX1
 
(Filename: ./Runtime/Export/Debug/Debug.bindings.h Line: 35)

MUSIC1SFX1
 
(Filename: ./Runtime/Export/Debug/Debug.bindings.h Line: 35)


Unloading 1 unused Assets to reduce memory usage. Loaded Objects now: 5070.
Total: 3.018867 ms (FindLiveObjects: 0.839896 ms CreateObjectMapping: 0.154167 ms MarkObjects: 1.978207 ms  DeleteObjects: 0.045440 ms)

Unloading 10 Unused Serialized files (Serialized files now loaded: 0)
UnloadTime: 10.052160 ms
MUSIC1SFX1
 
(Filename: ./Runtime/Export/Debug/Debug.bindings.h Line: 35)

MUSIC1SFX1
 
(Filename: ./Runtime/Export/Debug/Debug.bindings.h Line: 35)


Unloading 1 unused Assets to reduce memory usage. Loaded Objects now: 5070.
Total: 3.697021 ms (FindLiveObjects: 1.022122 ms CreateObjectMapping: 0.163182 ms MarkObjects: 2.485103 ms  DeleteObjects: 0.025401 ms)

Unloading 10 Unused Serialized files (Serialized files now loaded: 0)
UnloadTime: 8.103529 ms
MUSIC1SFX1
 
(Filename: ./Runtime/Export/Debug/Debug.bindings.h Line: 35)

MUSIC1SFX1
 
(Filename: ./Runtime/Export/Debug/Debug.bindings.h Line: 35)


Unloading 1 unused Assets to reduce memory usage. Loaded Objects now: 5070.
Total: 3.308497 ms (FindLiveObjects: 0.953348 ms CreateObjectMapping: 0.297693 ms MarkObjects: 2.033154 ms  DeleteObjects: 0.023174 ms)

Unloading 10 Unused Serialized files (Serialized files now loaded: 0)
UnloadTime: 8.953749 ms
MUSIC1SFX1
 
(Filename: ./Runtime/Export/Debug/Debug.bindings.h Line: 35)

MUSIC1SFX1
 
(Filename: ./Runtime/Export/Debug/Debug.bindings.h Line: 35)


Unloading 1 unused Assets to reduce memory usage. Loaded Objects now: 5070.
Total: 3.728459 ms (FindLiveObjects: 1.224130 ms CreateObjectMapping: 0.160440 ms MarkObjects: 2.316402 ms  DeleteObjects: 0.026441 ms)

Unloading 10 Unused Serialized files (Serialized files now loaded: 0)
UnloadTime: 7.948559 ms
MUSIC1SFX1
 
(Filename: ./Runtime/Export/Debug/Debug.bindings.h Line: 35)

MUSIC1SFX1
 
(Filename: ./Runtime/Export/Debug/Debug.bindings.h Line: 35)


Unloading 1 unused Assets to reduce memory usage. Loaded Objects now: 5070.
Total: 4.524508 ms (FindLiveObjects: 1.295809 ms CreateObjectMapping: 0.190707 ms MarkObjects: 3.012090 ms  DeleteObjects: 0.024437 ms)

Unloading 10 Unused Serialized files (Serialized files now loaded: 0)
UnloadTime: 7.891053 ms
MUSIC1SFX1
 
(Filename: ./Runtime/Export/Debug/Debug.bindings.h Line: 35)

MUSIC1SFX1
 
(Filename: ./Runtime/Export/Debug/Debug.bindings.h Line: 35)


Unloading 1 unused Assets to reduce memory usage. Loaded Objects now: 5070.
Total: 3.290173 ms (FindLiveObjects: 1.052822 ms CreateObjectMapping: 0.167154 ms MarkObjects: 2.047715 ms  DeleteObjects: 0.021136 ms)

Unloading 10 Unused Serialized files (Serialized files now loaded: 0)
UnloadTime: 11.921380 ms
MUSIC1SFX1
 
(Filename: ./Runtime/Export/Debug/Debug.bindings.h Line: 35)

MUSIC1SFX1
 
(Filename: ./Runtime/Export/Debug/Debug.bindings.h Line: 35)


Unloading 1 unused Assets to reduce memory usage. Loaded Objects now: 5070.
Total: 3.471695 ms (FindLiveObjects: 1.038123 ms CreateObjectMapping: 0.179624 ms MarkObjects: 2.228580 ms  DeleteObjects: 0.023605 ms)

Unloading 10 Unused Serialized files (Serialized files now loaded: 0)
UnloadTime: 9.249044 ms
MUSIC1SFX1
 
(Filename: ./Runtime/Export/Debug/Debug.bindings.h Line: 35)

MUSIC1SFX1
 
(Filename: ./Runtime/Export/Debug/Debug.bindings.h Line: 35)


Unloading 1 unused Assets to reduce memory usage. Loaded Objects now: 5070.
Total: 3.618376 ms (FindLiveObjects: 1.078150 ms CreateObjectMapping: 0.345973 ms MarkObjects: 2.170220 ms  DeleteObjects: 0.022698 ms)

Unloading 10 Unused Serialized files (Serialized files now loaded: 0)
UnloadTime: 9.097961 ms
MUSIC1SFX1
 
(Filename: ./Runtime/Export/Debug/Debug.bindings.h Line: 35)

MUSIC1SFX1
 
(Filename: ./Runtime/Export/Debug/Debug.bindings.h Line: 35)


Unloading 1 unused Assets to reduce memory usage. Loaded Objects now: 5070.
Total: 4.134240 ms (FindLiveObjects: 1.082544 ms CreateObjectMapping: 0.305778 ms MarkObjects: 2.713172 ms  DeleteObjects: 0.030502 ms)

Unloading 10 Unused Serialized files (Serialized files now loaded: 0)
UnloadTime: 9.992136 ms
MUSIC1SFX1
 
(Filename: ./Runtime/Export/Debug/Debug.bindings.h Line: 35)

MUSIC1SFX1
 
(Filename: ./Runtime/Export/Debug/Debug.bindings.h Line: 35)


Unloading 1 unused Assets to reduce memory usage. Loaded Objects now: 5070.
Total: 4.032418 ms (FindLiveObjects: 1.125295 ms CreateObjectMapping: 0.203344 ms MarkObjects: 2.666016 ms  DeleteObjects: 0.036462 ms)

Unloading 10 Unused Serialized files (Serialized files now loaded: 0)
UnloadTime: 8.880720 ms
MUSIC1SFX1
 
(Filename: ./Runtime/Export/Debug/Debug.bindings.h Line: 35)

MUSIC1SFX1
 
(Filename: ./Runtime/Export/Debug/Debug.bindings.h Line: 35)


Unloading 1 unused Assets to reduce memory usage. Loaded Objects now: 5070.
Total: 3.756830 ms (FindLiveObjects: 1.175316 ms CreateObjectMapping: 0.157734 ms MarkObjects: 2.394778 ms  DeleteObjects: 0.027571 ms)

Unloading 10 Unused Serialized files (Serialized files now loaded: 0)
UnloadTime: 9.845910 ms
MUSIC1SFX1
 
(Filename: ./Runtime/Export/Debug/Debug.bindings.h Line: 35)

MUSIC1SFX1
 
(Filename: ./Runtime/Export/Debug/Debug.bindings.h Line: 35)


Unloading 1 unused Assets to reduce memory usage. Loaded Objects now: 5070.
Total: 4.076176 ms (FindLiveObjects: 1.037564 ms CreateObjectMapping: 0.276240 ms MarkObjects: 2.735013 ms  DeleteObjects: 0.025951 ms)

Unloading 10 Unused Serialized files (Serialized files now loaded: 0)
UnloadTime: 8.452027 ms
MUSIC1SFX1
 
(Filename: ./Runtime/Export/Debug/Debug.bindings.h Line: 35)

MUSIC1SFX1
 
(Filename: ./Runtime/Export/Debug/Debug.bindings.h Line: 35)


Unloading 1 unused Assets to reduce memory usage. Loaded Objects now: 5070.
Total: 3.920587 ms (FindLiveObjects: 0.968827 ms CreateObjectMapping: 0.185164 ms MarkObjects: 2.738337 ms  DeleteObjects: 0.027042 ms)

Unloading 10 Unused Serialized files (Serialized files now loaded: 0)
UnloadTime: 10.360132 ms
MUSIC1SFX1
 
(Filename: ./Runtime/Export/Debug/Debug.bindings.h Line: 35)

MUSIC1SFX1
 
(Filename: ./Runtime/Export/Debug/Debug.bindings.h Line: 35)


Unloading 1 unused Assets to reduce memory usage. Loaded Objects now: 5070.
Total: 5.590740 ms (FindLiveObjects: 0.969346 ms CreateObjectMapping: 0.194790 ms MarkObjects: 4.387705 ms  DeleteObjects: 0.037332 ms)

Unloading 10 Unused Serialized files (Serialized files now loaded: 0)
UnloadTime: 12.638248 ms
MUSIC1SFX1
 
(Filename: ./Runtime/Export/Debug/Debug.bindings.h Line: 35)

MUSIC1SFX1
 
(Filename: ./Runtime/Export/Debug/Debug.bindings.h Line: 35)


Unloading 1 unused Assets to reduce memory usage. Loaded Objects now: 5070.
Total: 3.152237 ms (FindLiveObjects: 0.928831 ms CreateObjectMapping: 0.159917 ms MarkObjects: 2.040720 ms  DeleteObjects: 0.021637 ms)

Unloading 10 Unused Serialized files (Serialized files now loaded: 0)
UnloadTime: 8.957462 ms
MUSIC1SFX1
 
(Filename: ./Runtime/Export/Debug/Debug.bindings.h Line: 35)

MUSIC1SFX1
 
(Filename: ./Runtime/Export/Debug/Debug.bindings.h Line: 35)


Unloading 1 unused Assets to reduce memory usage. Loaded Objects now: 5070.
Total: 3.533380 ms (FindLiveObjects: 0.858406 ms CreateObjectMapping: 0.161263 ms MarkObjects: 2.477593 ms  DeleteObjects: 0.034737 ms)

Unloading 10 Unused Serialized files (Serialized files now loaded: 0)
UnloadTime: 12.385928 ms
MUSIC1SFX1
 
(Filename: ./Runtime/Export/Debug/Debug.bindings.h Line: 35)

MUSIC1SFX1
 
(Filename: ./Runtime/Export/Debug/Debug.bindings.h Line: 35)


Unloading 1 unused Assets to reduce memory usage. Loaded Objects now: 5070.
Total: 3.260192 ms (FindLiveObjects: 0.879433 ms CreateObjectMapping: 0.169100 ms MarkObjects: 2.186259 ms  DeleteObjects: 0.024146 ms)

Unloading 10 Unused Serialized files (Serialized files now loaded: 0)
UnloadTime: 10.475189 ms
MUSIC1SFX1
 
(Filename: ./Runtime/Export/Debug/Debug.bindings.h Line: 35)

MUSIC1SFX1
 
(Filename: ./Runtime/Export/Debug/Debug.bindings.h Line: 35)


Unloading 1 unused Assets to reduce memory usage. Loaded Objects now: 5070.
Total: 3.375724 ms (FindLiveObjects: 1.060073 ms CreateObjectMapping: 0.158455 ms MarkObjects: 2.123676 ms  DeleteObjects: 0.032147 ms)

Unloading 10 Unused Serialized files (Serialized files now loaded: 0)
UnloadTime: 10.469511 ms
MUSIC1SFX1
 
(Filename: ./Runtime/Export/Debug/Debug.bindings.h Line: 35)

MUSIC1SFX1
 
(Filename: ./Runtime/Export/Debug/Debug.bindings.h Line: 35)


Unloading 1 unused Assets to reduce memory usage. Loaded Objects now: 5070.
Total: 3.006911 ms (FindLiveObjects: 0.893330 ms CreateObjectMapping: 0.164486 ms MarkObjects: 1.925890 ms  DeleteObjects: 0.021777 ms)

Unloading 10 Unused Serialized files (Serialized files now loaded: 0)
UnloadTime: 8.381216 ms
MUSIC1SFX1
 
(Filename: ./Runtime/Export/Debug/Debug.bindings.h Line: 35)

MUSIC1SFX1
 
(Filename: ./Runtime/Export/Debug/Debug.bindings.h Line: 35)


Unloading 1 unused Assets to reduce memory usage. Loaded Objects now: 5070.
Total: 3.768580 ms (FindLiveObjects: 1.093139 ms CreateObjectMapping: 0.214339 ms MarkObjects: 2.434882 ms  DeleteObjects: 0.023866 ms)

Unloading 10 Unused Serialized files (Serialized files now loaded: 0)
UnloadTime: 13.394575 ms
MUSIC1SFX1
 
(Filename: ./Runtime/Export/Debug/Debug.bindings.h Line: 35)

MUSIC1SFX1
 
(Filename: ./Runtime/Export/Debug/Debug.bindings.h Line: 35)


Unloading 1 unused Assets to reduce memory usage. Loaded Objects now: 5070.
Total: 5.374296 ms (FindLiveObjects: 1.005087 ms CreateObjectMapping: 0.291900 ms MarkObjects: 4.042083 ms  DeleteObjects: 0.033688 ms)

Unloading 10 Unused Serialized files (Serialized files now loaded: 0)
UnloadTime: 7.318179 ms
MUSIC1SFX1
 
(Filename: ./Runtime/Export/Debug/Debug.bindings.h Line: 35)

MUSIC1SFX1
 
(Filename: ./Runtime/Export/Debug/Debug.bindings.h Line: 35)


Unloading 1 unused Assets to reduce memory usage. Loaded Objects now: 5070.
Total: 3.498055 ms (FindLiveObjects: 0.780956 ms CreateObjectMapping: 0.157220 ms MarkObjects: 2.531642 ms  DeleteObjects: 0.026710 ms)

Unloading 10 Unused Serialized files (Serialized files now loaded: 0)
UnloadTime: 8.243682 ms
MUSIC1SFX1
 
(Filename: ./Runtime/Export/Debug/Debug.bindings.h Line: 35)

MUSIC1SFX1
 
(Filename: ./Runtime/Export/Debug/Debug.bindings.h Line: 35)


Unloading 1 unused Assets to reduce memory usage. Loaded Objects now: 5070.
Total: 3.798563 ms (FindLiveObjects: 1.085398 ms CreateObjectMapping: 0.245028 ms MarkObjects: 2.442382 ms  DeleteObjects: 0.024131 ms)

Unloading 10 Unused Serialized files (Serialized files now loaded: 0)
UnloadTime: 9.298497 ms
MUSIC1SFX1
 
(Filename: ./Runtime/Export/Debug/Debug.bindings.h Line: 35)

MUSIC1SFX1
 
(Filename: ./Runtime/Export/Debug/Debug.bindings.h Line: 35)


Unloading 1 unused Assets to reduce memory usage. Loaded Objects now: 5070.
Total: 3.175178 ms (FindLiveObjects: 0.932086 ms CreateObjectMapping: 0.178795 ms MarkObjects: 2.040446 ms  DeleteObjects: 0.021306 ms)

Unloading 10 Unused Serialized files (Serialized files now loaded: 0)
UnloadTime: 10.111725 ms
MUSIC1SFX1
 
(Filename: ./Runtime/Export/Debug/Debug.bindings.h Line: 35)

MUSIC1SFX1
 
(Filename: ./Runtime/Export/Debug/Debug.bindings.h Line: 35)


Unloading 1 unused Assets to reduce memory usage. Loaded Objects now: 5070.
Total: 3.372460 ms (FindLiveObjects: 1.020578 ms CreateObjectMapping: 0.168430 ms MarkObjects: 2.154035 ms  DeleteObjects: 0.028034 ms)

Unloading 10 Unused Serialized files (Serialized files now loaded: 0)
UnloadTime: 13.024850 ms
MUSIC1SFX1
 
(Filename: ./Runtime/Export/Debug/Debug.bindings.h Line: 35)

MUSIC1SFX1
 
(Filename: ./Runtime/Export/Debug/Debug.bindings.h Line: 35)


Unloading 1 unused Assets to reduce memory usage. Loaded Objects now: 5070.
Total: 4.166604 ms (FindLiveObjects: 0.888200 ms CreateObjectMapping: 0.290025 ms MarkObjects: 2.962912 ms  DeleteObjects: 0.024119 ms)

Unloading 10 Unused Serialized files (Serialized files now loaded: 0)
UnloadTime: 8.260881 ms
MUSIC1SFX1
 
(Filename: ./Runtime/Export/Debug/Debug.bindings.h Line: 35)

MUSIC1SFX1
 
(Filename: ./Runtime/Export/Debug/Debug.bindings.h Line: 35)


Unloading 1 unused Assets to reduce memory usage. Loaded Objects now: 5070.
Total: 3.084045 ms (FindLiveObjects: 0.882077 ms CreateObjectMapping: 0.159952 ms MarkObjects: 2.019617 ms  DeleteObjects: 0.021104 ms)

Unloading 10 Unused Serialized files (Serialized files now loaded: 0)
UnloadTime: 11.380169 ms
MUSIC1SFX1
 
(Filename: ./Runtime/Export/Debug/Debug.bindings.h Line: 35)

MUSIC1SFX1
 
(Filename: ./Runtime/Export/Debug/Debug.bindings.h Line: 35)


Unloading 1 unused Assets to reduce memory usage. Loaded Objects now: 5070.
Total: 4.547612 ms (FindLiveObjects: 1.019862 ms CreateObjectMapping: 0.872574 ms MarkObjects: 2.630247 ms  DeleteObjects: 0.023461 ms)

Unloading 10 Unused Serialized files (Serialized files now loaded: 0)
UnloadTime: 12.526035 ms
MUSIC1SFX1
 
(Filename: ./Runtime/Export/Debug/Debug.bindings.h Line: 35)

MUSIC1SFX1
 
(Filename: ./Runtime/Export/Debug/Debug.bindings.h Line: 35)


Unloading 1 unused Assets to reduce memory usage. Loaded Objects now: 5070.
Total: 4.134614 ms (FindLiveObjects: 0.941817 ms CreateObjectMapping: 0.230711 ms MarkObjects: 2.936329 ms  DeleteObjects: 0.024704 ms)

Unloading 10 Unused Serialized files (Serialized files now loaded: 0)
UnloadTime: 7.427029 ms
MUSIC1SFX1
 
(Filename: ./Runtime/Export/Debug/Debug.bindings.h Line: 35)

MUSIC1SFX1
 
(Filename: ./Runtime/Export/Debug/Debug.bindings.h Line: 35)


Unloading 1 unused Assets to reduce memory usage. Loaded Objects now: 5070.
Total: 3.243566 ms (FindLiveObjects: 0.874402 ms CreateObjectMapping: 0.172390 ms MarkObjects: 2.167964 ms  DeleteObjects: 0.027784 ms)

Unloading 10 Unused Serialized files (Serialized files now loaded: 0)
UnloadTime: 9.602350 ms
MUSIC1SFX1
 
(Filename: ./Runtime/Export/Debug/Debug.bindings.h Line: 35)

MUSIC1SFX1
 
(Filename: ./Runtime/Export/Debug/Debug.bindings.h Line: 35)


Unloading 1 unused Assets to reduce memory usage. Loaded Objects now: 5070.
Total: 2.956737 ms (FindLiveObjects: 0.947495 ms CreateObjectMapping: 0.160328 ms MarkObjects: 1.828853 ms  DeleteObjects: 0.018431 ms)

Unloading 10 Unused Serialized files (Serialized files now loaded: 0)
UnloadTime: 10.853613 ms
MUSIC1SFX1
 
(Filename: ./Runtime/Export/Debug/Debug.bindings.h Line: 35)

MUSIC1SFX1
 
(Filename: ./Runtime/Export/Debug/Debug.bindings.h Line: 35)


Unloading 1 unused Assets to reduce memory usage. Loaded Objects now: 5070.
Total: 6.730551 ms (FindLiveObjects: 2.850130 ms CreateObjectMapping: 0.233588 ms MarkObjects: 3.620572 ms  DeleteObjects: 0.025100 ms)

Unloading 10 Unused Serialized files (Serialized files now loaded: 0)
UnloadTime: 8.850838 ms
MUSIC1SFX1
 
(Filename: ./Runtime/Export/Debug/Debug.bindings.h Line: 35)

MUSIC1SFX1
 
(Filename: ./Runtime/Export/Debug/Debug.bindings.h Line: 35)


Unloading 1 unused Assets to reduce memory usage. Loaded Objects now: 5070.
Total: 3.306270 ms (FindLiveObjects: 1.093265 ms CreateObjectMapping: 0.171169 ms MarkObjects: 2.017354 ms  DeleteObjects: 0.022985 ms)

Unloading 10 Unused Serialized files (Serialized files now loaded: 0)
UnloadTime: 9.228218 ms
MUSIC1SFX1
 
(Filename: ./Runtime/Export/Debug/Debug.bindings.h Line: 35)

MUSIC1SFX1
 
(Filename: ./Runtime/Export/Debug/Debug.bindings.h Line: 35)


Unloading 1 unused Assets to reduce memory usage. Loaded Objects now: 5070.
Total: 4.470923 ms (FindLiveObjects: 1.310940 ms CreateObjectMapping: 0.231936 ms MarkObjects: 2.903968 ms  DeleteObjects: 0.022228 ms)

Unloading 10 Unused Serialized files (Serialized files now loaded: 0)
UnloadTime: 11.655314 ms
MUSIC1SFX1
 
(Filename: ./Runtime/Export/Debug/Debug.bindings.h Line: 35)

MUSIC1SFX1
 
(Filename: ./Runtime/Export/Debug/Debug.bindings.h Line: 35)


Unloading 1 unused Assets to reduce memory usage. Loaded Objects now: 5070.
Total: 4.018382 ms (FindLiveObjects: 1.092146 ms CreateObjectMapping: 0.308140 ms MarkObjects: 2.591569 ms  DeleteObjects: 0.025323 ms)

Unloading 10 Unused Serialized files (Serialized files now loaded: 0)
UnloadTime: 11.657008 ms
MUSIC1SFX1
 
(Filename: ./Runtime/Export/Debug/Debug.bindings.h Line: 35)

MUSIC1SFX1
 
(Filename: ./Runtime/Export/Debug/Debug.bindings.h Line: 35)


Unloading 1 unused Assets to reduce memory usage. Loaded Objects now: 5070.
Total: 4.335052 ms (FindLiveObjects: 1.192424 ms CreateObjectMapping: 0.303442 ms MarkObjects: 2.813517 ms  DeleteObjects: 0.023903 ms)

Unloading 10 Unused Serialized files (Serialized files now loaded: 0)
UnloadTime: 13.114833 ms
MUSIC1SFX1
 
(Filename: ./Runtime/Export/Debug/Debug.bindings.h Line: 35)

MUSIC1SFX1
 
(Filename: ./Runtime/Export/Debug/Debug.bindings.h Line: 35)


Unloading 1 unused Assets to reduce memory usage. Loaded Objects now: 5070.
Total: 3.821303 ms (FindLiveObjects: 1.032053 ms CreateObjectMapping: 0.158536 ms MarkObjects: 2.598263 ms  DeleteObjects: 0.030832 ms)

Unloading 10 Unused Serialized files (Serialized files now loaded: 0)
UnloadTime: 10.043354 ms
MUSIC1SFX1
 
(Filename: ./Runtime/Export/Debug/Debug.bindings.h Line: 35)

MUSIC1SFX1
 
(Filename: ./Runtime/Export/Debug/Debug.bindings.h Line: 35)


Unloading 1 unused Assets to reduce memory usage. Loaded Objects now: 5070.
Total: 3.369532 ms (FindLiveObjects: 1.247454 ms CreateObjectMapping: 0.224959 ms MarkObjects: 1.873945 ms  DeleteObjects: 0.021741 ms)

Unloading 10 Unused Serialized files (Serialized files now loaded: 0)
UnloadTime: 8.753574 ms
MUSIC1SFX1
 
(Filename: ./Runtime/Export/Debug/Debug.bindings.h Line: 35)

MUSIC1SFX1
 
(Filename: ./Runtime/Export/Debug/Debug.bindings.h Line: 35)


Unloading 1 unused Assets to reduce memory usage. Loaded Objects now: 5070.
Total: 4.001603 ms (FindLiveObjects: 0.943689 ms CreateObjectMapping: 0.368984 ms MarkObjects: 2.663214 ms  DeleteObjects: 0.024366 ms)

Unloading 10 Unused Serialized files (Serialized files now loaded: 0)
UnloadTime: 10.715787 ms
MUSIC1SFX1
 
(Filename: ./Runtime/Export/Debug/Debug.bindings.h Line: 35)

MUSIC1SFX1
 
(Filename: ./Runtime/Export/Debug/Debug.bindings.h Line: 35)


Unloading 1 unused Assets to reduce memory usage. Loaded Objects now: 5070.
Total: 3.076880 ms (FindLiveObjects: 0.848249 ms CreateObjectMapping: 0.158861 ms MarkObjects: 2.047570 ms  DeleteObjects: 0.021051 ms)

Unloading 10 Unused Serialized files (Serialized files now loaded: 0)
UnloadTime: 8.255190 ms
MUSIC1SFX1
 
(Filename: ./Runtime/Export/Debug/Debug.bindings.h Line: 35)

MUSIC1SFX1
 
(Filename: ./Runtime/Export/Debug/Debug.bindings.h Line: 35)


Unloading 1 unused Assets to reduce memory usage. Loaded Objects now: 5070.
Total: 3.786644 ms (FindLiveObjects: 0.982721 ms CreateObjectMapping: 0.165509 ms MarkObjects: 2.612951 ms  DeleteObjects: 0.024258 ms)

Unloading 10 Unused Serialized files (Serialized files now loaded: 0)
UnloadTime: 9.977652 ms
MUSIC1SFX1
 
(Filename: ./Runtime/Export/Debug/Debug.bindings.h Line: 35)

MUSIC1SFX1
 
(Filename: ./Runtime/Export/Debug/Debug.bindings.h Line: 35)


Unloading 1 unused Assets to reduce memory usage. Loaded Objects now: 5070.
Total: 4.977908 ms (FindLiveObjects: 1.195018 ms CreateObjectMapping: 0.211417 ms MarkObjects: 3.545986 ms  DeleteObjects: 0.024213 ms)

Unloading 9 Unused Serialized files (Serialized files now loaded: 0)
UnloadTime: 9.633907 ms
MUSIC1SFX1
 
(Filename: ./Runtime/Export/Debug/Debug.bindings.h Line: 35)

MUSIC1SFX1
 
(Filename: ./Runtime/Export/Debug/Debug.bindings.h Line: 35)


Unloading 697 unused Assets to reduce memory usage. Loaded Objects now: 1765.
Total: 6.185774 ms (FindLiveObjects: 0.893862 ms CreateObjectMapping: 0.137385 ms MarkObjects: 1.387275 ms  DeleteObjects: 3.765662 ms)

Unloading 6 Unused Serialized files (Serialized files now loaded: 0)
UnloadTime: 1.677372 ms
MUSIC1SFX1
 
(Filename: ./Runtime/Export/Debug/Debug.bindings.h Line: 35)

MUSIC1SFX1
 
(Filename: ./Runtime/Export/Debug/Debug.bindings.h Line: 35)


Unloading 40 unused Assets to reduce memory usage. Loaded Objects now: 1803.
Total: 4.878752 ms (FindLiveObjects: 0.808173 ms CreateObjectMapping: 0.167712 ms MarkObjects: 2.829739 ms  DeleteObjects: 1.071528 ms)

Unloading 3 Unused Serialized files (Serialized files now loaded: 0)
UnloadTime: 1.489435 ms
MUSIC1SFX1
 
(Filename: ./Runtime/Export/Debug/Debug.bindings.h Line: 35)

MUSIC1SFX1
 
(Filename: ./Runtime/Export/Debug/Debug.bindings.h Line: 35)


Unloading 17 unused Assets to reduce memory usage. Loaded Objects now: 1787.
Total: 2.918635 ms (FindLiveObjects: 1.213653 ms CreateObjectMapping: 0.105220 ms MarkObjects: 1.328639 ms  DeleteObjects: 0.269453 ms)

Setting up 1 worker threads for Enlighten.
  Thread -> id: 7f7973525640 -> priority: 1 
Preloaded type GtkListStore
Preloaded type GtkWindow
Preloaded type GtkVBox
Preloaded type GtkImage
Preloaded type GtkNotebook
Preloaded type GtkHBox
Preloaded type GtkFrame
Preloaded type GtkAlignment
Preloaded type GtkTreeView
Preloaded type GtkLabel
Preloaded type GtkCheckButton
Preloaded type GtkScrolledWindow
Preloaded type GtkComboBox
Couldn't find OnScreenSelectorQuit in main module; checking child
Couldn't find OnScreenSelectorOK in main module; checking child
Couldn't find OnScreenSelectorQuit in main module; checking child
Couldn't find OnInputListRowActivated in main module; checking child
Couldn't find OnSelectedDisplayChanged in main module; checking child
